Построение начато 21.11.2011 1:10:00.
     1>Проект "C:\Users\Miracle\Desktop\dz6_2\dz6_2\dz6_2.vcxproj" в узле 2 (целевые объекты build).
     1>InitializeBuildStatus:
         Создание "Debug\dz6_2.unsuccessfulbuild", так как было задано "AlwaysCreate".
       ClCompile:
         c:\Program Files (x86)\Microsoft Visual Studio 10.0\VC\bin\CL.exe /c /ZI /nologo /W3 /WX- /Od /Oy- /D WIN32 /D _DEBUG /D _CONSOLE /D _UNICODE /D UNICODE /Gm /EHsc /RTC1 /MDd /GS /fp:precise /Zc:wchar_t /Zc:forScope /Fo"Debug\\" /Fd"Debug\vc100.pdb" /Gd /TP /analyze- /errorReport:prompt zadacha2.cpp
         zadacha2.cpp
     1>c:\users\miracle\desktop\dz6_2\dz6_2\zadacha2.cpp(58): warning C4018: <: несоответствие типов со знаком и без знака
     1>c:\users\miracle\desktop\dz6_2\dz6_2\zadacha2.cpp(21): warning C4715: calculation: значение возвращается не при всех путях выполнения
       ManifestResourceCompile:
         Для всех выходных данных обновления не требуется.
       Link:
         c:\Program Files (x86)\Microsoft Visual Studio 10.0\VC\bin\link.exe /ERRORREPORT:PROMPT /OUT:"C:\Users\Miracle\Desktop\dz6_2\Debug\dz6_2.exe" /INCREMENTAL /NOLOGO kernel32.lib user32.lib gdi32.lib winspool.lib comdlg32.lib advapi32.lib shell32.lib ole32.lib oleaut32.lib uuid.lib odbc32.lib odbccp32.lib /MANIFEST /ManifestFile:"Debug\dz6_2.exe.intermediate.manifest" /MANIFESTUAC:"level='asInvoker' uiAccess='false'" /DEBUG /PDB:"C:\Users\Miracle\Desktop\dz6_2\Debug\dz6_2.pdb" /SUBSYSTEM:CONSOLE /TLBID:1 /DYNAMICBASE /NXCOMPAT /IMPLIB:"C:\Users\Miracle\Desktop\dz6_2\Debug\dz6_2.lib" /MACHINE:X86 Debug\dz6_2.exe.embed.manifest.res
         Debug\stack.obj
         Debug\zadacha2.obj
         LINK : не найден или не выполнена сборка C:\Users\Miracle\Desktop\dz6_2\Debug\dz6_2.exe при последней инкрементной компоновке; выполняется полная компоновка
       Manifest:
         C:\Program Files (x86)\Microsoft SDKs\Windows\v7.0A\bin\mt.exe /nologo /verbose /out:"Debug\dz6_2.exe.embed.manifest" /manifest Debug\dz6_2.exe.intermediate.manifest
         Для всех выходных данных обновления не требуется.
       LinkEmbedManifest:
         Для всех выходных данных обновления не требуется.
         dz6_2.vcxproj -> C:\Users\Miracle\Desktop\dz6_2\Debug\dz6_2.exe
       FinalizeBuildStatus:
         Файл "Debug\dz6_2.unsuccessfulbuild" удаляется.
         Обращение к "Debug\dz6_2.lastbuildstate".
     1>Построение проекта "C:\Users\Miracle\Desktop\dz6_2\dz6_2\dz6_2.vcxproj" завершено (целевые объекты build).

Построение успешно завершено.

Затраченное время: 00:00:01.75
