Построение начато 11.12.2011 16:41:27.
     1>Проект "C:\Users\Miracle\Desktop\Учеба\Прога\dz6\dz6_1\dz6_1\dz6_1.vcxproj" в узле 2 (целевые объекты build).
     1>InitializeBuildStatus:
         Создание "Debug\dz6_1.unsuccessfulbuild", так как было задано "AlwaysCreate".
       ClCompile:
         c:\Program Files (x86)\Microsoft Visual Studio 10.0\VC\bin\CL.exe /c /ZI /nologo /W3 /WX- /Od /Oy- /D WIN32 /D _DEBUG /D _CONSOLE /D _UNICODE /D UNICODE /Gm /EHsc /RTC1 /MDd /GS /fp:precise /Zc:wchar_t /Zc:forScope /Fo"Debug\\" /Fd"Debug\vc100.pdb" /Gd /TP /analyze- /errorReport:prompt list.cpp
         list.cpp
       ManifestResourceCompile:
         Для всех выходных данных обновления не требуется.
       Link:
         c:\Program Files (x86)\Microsoft Visual Studio 10.0\VC\bin\link.exe /ERRORREPORT:PROMPT /OUT:"C:\Users\Miracle\Desktop\Учеба\Прога\dz6\dz6_1\Debug\dz6_1.exe" /INCREMENTAL /NOLOGO kernel32.lib user32.lib gdi32.lib winspool.lib comdlg32.lib advapi32.lib shell32.lib ole32.lib oleaut32.lib uuid.lib odbc32.lib odbccp32.lib /MANIFEST /ManifestFile:"Debug\dz6_1.exe.intermediate.manifest" /MANIFESTUAC:"level='asInvoker' uiAccess='false'" /DEBUG /PDB:"C:\Users\Miracle\Desktop\Учеба\Прога\dz6\dz6_1\Debug\dz6_1.pdb" /SUBSYSTEM:CONSOLE /TLBID:1 /DYNAMICBASE /NXCOMPAT /IMPLIB:"C:\Users\Miracle\Desktop\Учеба\Прога\dz6\dz6_1\Debug\dz6_1.lib" /MACHINE:X86 Debug\dz6_1.exe.embed.manifest.res
         Debug\list.obj
         Debug\zadacha6.obj
       Manifest:
         C:\Program Files (x86)\Microsoft SDKs\Windows\v7.0A\bin\mt.exe /nologo /verbose /out:"Debug\dz6_1.exe.embed.manifest" /manifest Debug\dz6_1.exe.intermediate.manifest
         Для всех выходных данных обновления не требуется.
       LinkEmbedManifest:
         Для всех выходных данных обновления не требуется.
         dz6_1.vcxproj -> C:\Users\Miracle\Desktop\Учеба\Прога\dz6\dz6_1\Debug\dz6_1.exe
       FinalizeBuildStatus:
         Файл "Debug\dz6_1.unsuccessfulbuild" удаляется.
         Обращение к "Debug\dz6_1.lastbuildstate".
     1>Построение проекта "C:\Users\Miracle\Desktop\Учеба\Прога\dz6\dz6_1\dz6_1\dz6_1.vcxproj" завершено (целевые объекты build).

Построение успешно завершено.

Затраченное время: 00:00:01.81
