Построение начато 21.12.2011 0:09:50.
     1>Проект "C:\Users\Miracle\Desktop\Учеба\Прога\dz7\dz7_2\dz7_2\dz7_2.vcxproj" в узле 2 (целевые объекты build).
     1>InitializeBuildStatus:
         Обращение к "Debug\dz7_2.unsuccessfulbuild".
       ClCompile:
         c:\Program Files (x86)\Microsoft Visual Studio 10.0\VC\bin\CL.exe /c /ZI /nologo /W3 /WX- /Od /Oy- /D WIN32 /D _DEBUG /D _CONSOLE /D _UNICODE /D UNICODE /Gm /EHsc /RTC1 /MDd /GS /fp:precise /Zc:wchar_t /Zc:forScope /Fo"Debug\\" /Fd"Debug\vc100.pdb" /Gd /TP /analyze- /errorReport:prompt dz7_2.cpp
         dz7_2.cpp
     1>c:\users\miracle\desktop\учеба\прога\dz7\dz7_2\dz7_2\dz7_2.cpp(153): warning C4996: 'scanf': This function or variable may be unsafe. Consider using scanf_s instead. To disable deprecation, use _CRT_SECURE_NO_WARNINGS. See online help for details.
                 c:\program files (x86)\microsoft visual studio 10.0\vc\include\stdio.h(304): см. объявление "scanf"
     1>c:\users\miracle\desktop\учеба\прога\dz7\dz7_2\dz7_2\dz7_2.cpp(158): warning C4996: 'scanf': This function or variable may be unsafe. Consider using scanf_s instead. To disable deprecation, use _CRT_SECURE_NO_WARNINGS. See online help for details.
                 c:\program files (x86)\microsoft visual studio 10.0\vc\include\stdio.h(304): см. объявление "scanf"
     1>c:\users\miracle\desktop\учеба\прога\dz7\dz7_2\dz7_2\dz7_2.cpp(169): warning C4996: 'scanf': This function or variable may be unsafe. Consider using scanf_s instead. To disable deprecation, use _CRT_SECURE_NO_WARNINGS. See online help for details.
                 c:\program files (x86)\microsoft visual studio 10.0\vc\include\stdio.h(304): см. объявление "scanf"
       ManifestResourceCompile:
         Для всех выходных данных обновления не требуется.
       Link:
         c:\Program Files (x86)\Microsoft Visual Studio 10.0\VC\bin\link.exe /ERRORREPORT:PROMPT /OUT:"C:\Users\Miracle\Desktop\Учеба\Прога\dz7\dz7_2\Debug\dz7_2.exe" /INCREMENTAL /NOLOGO kernel32.lib user32.lib gdi32.lib winspool.lib comdlg32.lib advapi32.lib shell32.lib ole32.lib oleaut32.lib uuid.lib odbc32.lib odbccp32.lib /MANIFEST /ManifestFile:"Debug\dz7_2.exe.intermediate.manifest" /MANIFESTUAC:"level='asInvoker' uiAccess='false'" /DEBUG /PDB:"C:\Users\Miracle\Desktop\Учеба\Прога\dz7\dz7_2\Debug\dz7_2.pdb" /SUBSYSTEM:CONSOLE /TLBID:1 /DYNAMICBASE /NXCOMPAT /IMPLIB:"C:\Users\Miracle\Desktop\Учеба\Прога\dz7\dz7_2\Debug\dz7_2.lib" /MACHINE:X86 Debug\dz7_2.exe.embed.manifest.res
         Debug\dz7_2.obj
       Manifest:
         C:\Program Files (x86)\Microsoft SDKs\Windows\v7.0A\bin\mt.exe /nologo /verbose /out:"Debug\dz7_2.exe.embed.manifest" /manifest Debug\dz7_2.exe.intermediate.manifest
         Для всех выходных данных обновления не требуется.
       LinkEmbedManifest:
         Для всех выходных данных обновления не требуется.
         dz7_2.vcxproj -> C:\Users\Miracle\Desktop\Учеба\Прога\dz7\dz7_2\Debug\dz7_2.exe
       FinalizeBuildStatus:
         Файл "Debug\dz7_2.unsuccessfulbuild" удаляется.
         Обращение к "Debug\dz7_2.lastbuildstate".
     1>Построение проекта "C:\Users\Miracle\Desktop\Учеба\Прога\dz7\dz7_2\dz7_2\dz7_2.vcxproj" завершено (целевые объекты build).

Построение успешно завершено.

Затраченное время: 00:00:01.64
